2024/04/15 14:24:14 Request Line: GET /cookie/echo_cookie HTTP/1.1
2024/04/15 14:24:14 Request Headers:
2024/04/15 14:24:14 	"User-Agent" = ["Mozilla/5.0 (Windows NT 10.0; Win64; x64) AppleWebKit/537.36 (KHTML, like Gecko) Chrome/123.0.0.0 Safari/537.36"]
2024/04/15 14:24:14 	"Accept" = ["text/html,application/xhtml+xml,application/xml;q=0.9,image/avif,image/webp,image/apng,*/*;q=0.8,application/signed-exchange;v=b3;q=0.7"]
2024/04/15 14:24:14 	"Accept-Encoding" = ["gzip, deflate, br, zstd"]
2024/04/15 14:24:14 	"Accept-Language" = ["en-US,en;q=0.9,zh-CN;q=0.8,zh;q=0.7"]
2024/04/15 14:24:14 	"Connection" = ["keep-alive"]
2024/04/15 14:24:14 	"Upgrade-Insecure-Requests" = ["1"]
2024/04/15 14:24:14 	"Sec-Fetch-Mode" = ["navigate"]
2024/04/15 14:24:14 	"Sec-Fetch-Dest" = ["document"]
2024/04/15 14:24:14 	"Dnt" = ["1"]
2024/04/15 14:24:14 	"Sec-Fetch-Site" = ["none"]
2024/04/15 14:24:14 	"Sec-Fetch-User" = ["?1"]
2024/04/15 14:24:14 	"Sec-Ch-Ua" = ["\"Google Chrome\";v=\"123\", \"Not:A-Brand\";v=\"8\", \"Chromium\";v=\"123\""]
2024/04/15 14:24:14 	"Sec-Ch-Ua-Mobile" = ["?0"]
2024/04/15 14:24:14 	"Sec-Ch-Ua-Platform" = ["\"Windows\""]
2024/04/15 14:24:14 Request Body: 
2024/04/15 14:25:07 Request Line: GET /cookie/set_cookie HTTP/1.1
2024/04/15 14:25:07 Request Headers:
2024/04/15 14:25:07 	"User-Agent" = ["Mozilla/5.0 (Windows NT 10.0; Win64; x64) AppleWebKit/537.36 (KHTML, like Gecko) Chrome/123.0.0.0 Safari/537.36"]
2024/04/15 14:25:07 	"Sec-Ch-Ua-Mobile" = ["?0"]
2024/04/15 14:25:07 	"Upgrade-Insecure-Requests" = ["1"]
2024/04/15 14:25:07 	"Sec-Ch-Ua-Platform" = ["\"Windows\""]
2024/04/15 14:25:07 	"Pragma" = ["no-cache"]
2024/04/15 14:25:07 	"Cache-Control" = ["no-cache"]
2024/04/15 14:25:07 	"Sec-Ch-Ua" = ["\"Google Chrome\";v=\"123\", \"Not:A-Brand\";v=\"8\", \"Chromium\";v=\"123\""]
2024/04/15 14:25:07 	"Dnt" = ["1"]
2024/04/15 14:25:07 	"Accept" = ["text/html,application/xhtml+xml,application/xml;q=0.9,image/avif,image/webp,image/apng,*/*;q=0.8,application/signed-exchange;v=b3;q=0.7"]
2024/04/15 14:25:07 	"Sec-Fetch-Site" = ["none"]
2024/04/15 14:25:07 	"Sec-Fetch-User" = ["?1"]
2024/04/15 14:25:07 	"Accept-Encoding" = ["gzip, deflate, br, zstd"]
2024/04/15 14:25:07 	"Accept-Language" = ["en-US,en;q=0.9,zh-CN;q=0.8,zh;q=0.7"]
2024/04/15 14:25:07 	"Sec-Fetch-Dest" = ["document"]
2024/04/15 14:25:07 	"Sec-Fetch-Mode" = ["navigate"]
2024/04/15 14:25:07 	"Connection" = ["keep-alive"]
2024/04/15 14:25:07 Request Body: 
2024/04/15 14:26:02 Request Line: GET /cookie/echo_cookie HTTP/1.1
2024/04/15 14:26:02 Request Headers:
2024/04/15 14:26:02 	"Sec-Fetch-Site" = ["none"]
2024/04/15 14:26:02 	"Cookie" = ["cookie_value"]
2024/04/15 14:26:02 	"Cache-Control" = ["no-cache"]
2024/04/15 14:26:02 	"Dnt" = ["1"]
2024/04/15 14:26:02 	"Sec-Ch-Ua-Mobile" = ["?0"]
2024/04/15 14:26:02 	"Accept" = ["text/html,application/xhtml+xml,application/xml;q=0.9,image/avif,image/webp,image/apng,*/*;q=0.8,application/signed-exchange;v=b3;q=0.7"]
2024/04/15 14:26:02 	"Sec-Fetch-User" = ["?1"]
2024/04/15 14:26:02 	"Accept-Encoding" = ["gzip, deflate, br, zstd"]
2024/04/15 14:26:02 	"Sec-Ch-Ua" = ["\"Google Chrome\";v=\"123\", \"Not:A-Brand\";v=\"8\", \"Chromium\";v=\"123\""]
2024/04/15 14:26:02 	"Sec-Fetch-Mode" = ["navigate"]
2024/04/15 14:26:02 	"Sec-Fetch-Dest" = ["document"]
2024/04/15 14:26:02 	"Connection" = ["keep-alive"]
2024/04/15 14:26:02 	"Upgrade-Insecure-Requests" = ["1"]
2024/04/15 14:26:02 	"User-Agent" = ["Mozilla/5.0 (Windows NT 10.0; Win64; x64) AppleWebKit/537.36 (KHTML, like Gecko) Chrome/123.0.0.0 Safari/537.36"]
2024/04/15 14:26:02 	"Accept-Language" = ["en-US,en;q=0.9,zh-CN;q=0.8,zh;q=0.7"]
2024/04/15 14:26:02 	"Pragma" = ["no-cache"]
2024/04/15 14:26:02 	"Sec-Ch-Ua-Platform" = ["\"Windows\""]
2024/04/15 14:26:02 Request Body: 
2024/04/15 14:26:57 Request Line: GET /cookie/delete_cookie HTTP/1.1
2024/04/15 14:26:57 Request Headers:
2024/04/15 14:26:57 	"Connection" = ["keep-alive"]
2024/04/15 14:26:57 	"Sec-Ch-Ua" = ["\"Google Chrome\";v=\"123\", \"Not:A-Brand\";v=\"8\", \"Chromium\";v=\"123\""]
2024/04/15 14:26:57 	"Accept-Encoding" = ["gzip, deflate, br, zstd"]
2024/04/15 14:26:57 	"Cookie" = ["cookie_value"]
2024/04/15 14:26:57 	"User-Agent" = ["Mozilla/5.0 (Windows NT 10.0; Win64; x64) AppleWebKit/537.36 (KHTML, like Gecko) Chrome/123.0.0.0 Safari/537.36"]
2024/04/15 14:26:57 	"Accept" = ["text/html,application/xhtml+xml,application/xml;q=0.9,image/avif,image/webp,image/apng,*/*;q=0.8,application/signed-exchange;v=b3;q=0.7"]
2024/04/15 14:26:57 	"Sec-Fetch-Site" = ["none"]
2024/04/15 14:26:57 	"Pragma" = ["no-cache"]
2024/04/15 14:26:57 	"Cache-Control" = ["no-cache"]
2024/04/15 14:26:57 	"Sec-Ch-Ua-Mobile" = ["?0"]
2024/04/15 14:26:57 	"Upgrade-Insecure-Requests" = ["1"]
2024/04/15 14:26:57 	"Sec-Fetch-Mode" = ["navigate"]
2024/04/15 14:26:57 	"Dnt" = ["1"]
2024/04/15 14:26:57 	"Sec-Ch-Ua-Platform" = ["\"Windows\""]
2024/04/15 14:26:57 	"Sec-Fetch-User" = ["?1"]
2024/04/15 14:26:57 	"Sec-Fetch-Dest" = ["document"]
2024/04/15 14:26:57 	"Accept-Language" = ["en-US,en;q=0.9,zh-CN;q=0.8,zh;q=0.7"]
2024/04/15 14:26:57 Request Body: 
2024/04/15 14:27:01 Request Line: GET /cookie/delete_cookie HTTP/1.1
2024/04/15 14:27:01 Request Headers:
2024/04/15 14:27:01 	"Cache-Control" = ["no-cache"]
2024/04/15 14:27:01 	"Sec-Ch-Ua" = ["\"Google Chrome\";v=\"123\", \"Not:A-Brand\";v=\"8\", \"Chromium\";v=\"123\""]
2024/04/15 14:27:01 	"Sec-Ch-Ua-Mobile" = ["?0"]
2024/04/15 14:27:01 	"Sec-Ch-Ua-Platform" = ["\"Windows\""]
2024/04/15 14:27:01 	"Dnt" = ["1"]
2024/04/15 14:27:01 	"User-Agent" = ["Mozilla/5.0 (Windows NT 10.0; Win64; x64) AppleWebKit/537.36 (KHTML, like Gecko) Chrome/123.0.0.0 Safari/537.36"]
2024/04/15 14:27:01 	"Sec-Fetch-User" = ["?1"]
2024/04/15 14:27:01 	"Sec-Fetch-Dest" = ["document"]
2024/04/15 14:27:01 	"Accept-Encoding" = ["gzip, deflate, br, zstd"]
2024/04/15 14:27:01 	"Accept-Language" = ["en-US,en;q=0.9,zh-CN;q=0.8,zh;q=0.7"]
2024/04/15 14:27:01 	"Cookie" = ["cookie_value"]
2024/04/15 14:27:01 	"Connection" = ["keep-alive"]
2024/04/15 14:27:01 	"Accept" = ["text/html,application/xhtml+xml,application/xml;q=0.9,image/avif,image/webp,image/apng,*/*;q=0.8,application/signed-exchange;v=b3;q=0.7"]
2024/04/15 14:27:01 	"Sec-Fetch-Mode" = ["navigate"]
2024/04/15 14:27:01 	"Pragma" = ["no-cache"]
2024/04/15 14:27:01 	"Upgrade-Insecure-Requests" = ["1"]
2024/04/15 14:27:01 	"Sec-Fetch-Site" = ["none"]
2024/04/15 14:27:01 Request Body: 
2024/04/15 14:27:17 Request Line: GET /cookie/echo_cookie HTTP/1.1
2024/04/15 14:27:17 Request Headers:
2024/04/15 14:27:17 	"Connection" = ["keep-alive"]
2024/04/15 14:27:17 	"User-Agent" = ["Mozilla/5.0 (Windows NT 10.0; Win64; x64) AppleWebKit/537.36 (KHTML, like Gecko) Chrome/123.0.0.0 Safari/537.36"]
2024/04/15 14:27:17 	"Sec-Fetch-Mode" = ["navigate"]
2024/04/15 14:27:17 	"Accept-Encoding" = ["gzip, deflate, br, zstd"]
2024/04/15 14:27:17 	"Sec-Ch-Ua-Mobile" = ["?0"]
2024/04/15 14:27:17 	"Accept" = ["text/html,application/xhtml+xml,application/xml;q=0.9,image/avif,image/webp,image/apng,*/*;q=0.8,application/signed-exchange;v=b3;q=0.7"]
2024/04/15 14:27:17 	"Dnt" = ["1"]
2024/04/15 14:27:17 	"Sec-Fetch-Site" = ["none"]
2024/04/15 14:27:17 	"Cache-Control" = ["no-cache"]
2024/04/15 14:27:17 	"Sec-Ch-Ua" = ["\"Google Chrome\";v=\"123\", \"Not:A-Brand\";v=\"8\", \"Chromium\";v=\"123\""]
2024/04/15 14:27:17 	"Sec-Ch-Ua-Platform" = ["\"Windows\""]
2024/04/15 14:27:17 	"Sec-Fetch-Dest" = ["document"]
2024/04/15 14:27:17 	"Accept-Language" = ["en-US,en;q=0.9,zh-CN;q=0.8,zh;q=0.7"]
2024/04/15 14:27:17 	"Pragma" = ["no-cache"]
2024/04/15 14:27:17 	"Upgrade-Insecure-Requests" = ["1"]
2024/04/15 14:27:17 	"Sec-Fetch-User" = ["?1"]
2024/04/15 14:27:17 Request Body: 
2024/04/15 14:27:30 Request Line: GET /cookie/echo_cookie HTTP/1.1
2024/04/15 14:27:30 Request Headers:
2024/04/15 14:27:30 	"User-Agent" = ["Mozilla/5.0 (Windows NT 10.0; Win64; x64) AppleWebKit/537.36 (KHTML, like Gecko) Chrome/123.0.0.0 Safari/537.36"]
2024/04/15 14:27:30 	"Cache-Control" = ["no-cache"]
2024/04/15 14:27:30 	"Connection" = ["keep-alive"]
2024/04/15 14:27:30 	"Sec-Fetch-Site" = ["none"]
2024/04/15 14:27:30 	"Sec-Fetch-User" = ["?1"]
2024/04/15 14:27:30 	"Accept-Encoding" = ["gzip, deflate, br, zstd"]
2024/04/15 14:27:30 	"Sec-Ch-Ua-Mobile" = ["?0"]
2024/04/15 14:27:30 	"Sec-Ch-Ua" = ["\"Google Chrome\";v=\"123\", \"Not:A-Brand\";v=\"8\", \"Chromium\";v=\"123\""]
2024/04/15 14:27:30 	"Sec-Ch-Ua-Platform" = ["\"Windows\""]
2024/04/15 14:27:30 	"Dnt" = ["1"]
2024/04/15 14:27:30 	"Upgrade-Insecure-Requests" = ["1"]
2024/04/15 14:27:30 	"Accept" = ["text/html,application/xhtml+xml,application/xml;q=0.9,image/avif,image/webp,image/apng,*/*;q=0.8,application/signed-exchange;v=b3;q=0.7"]
2024/04/15 14:27:30 	"Sec-Fetch-Mode" = ["navigate"]
2024/04/15 14:27:30 	"Sec-Fetch-Dest" = ["document"]
2024/04/15 14:27:30 	"Pragma" = ["no-cache"]
2024/04/15 14:27:30 	"Accept-Language" = ["en-US,en;q=0.9,zh-CN;q=0.8,zh;q=0.7"]
2024/04/15 14:27:30 Request Body: 
2024/04/15 14:27:41 Request Line: GET /cookie/set_cookie HTTP/1.1
2024/04/15 14:27:41 Request Headers:
2024/04/15 14:27:41 	"Pragma" = ["no-cache"]
2024/04/15 14:27:41 	"Sec-Ch-Ua-Platform" = ["\"Windows\""]
2024/04/15 14:27:41 	"Sec-Fetch-Dest" = ["document"]
2024/04/15 14:27:41 	"Accept-Language" = ["en-US,en;q=0.9,zh-CN;q=0.8,zh;q=0.7"]
2024/04/15 14:27:41 	"Accept-Encoding" = ["gzip, deflate, br, zstd"]
2024/04/15 14:27:41 	"Connection" = ["keep-alive"]
2024/04/15 14:27:41 	"Sec-Fetch-Mode" = ["navigate"]
2024/04/15 14:27:41 	"Sec-Fetch-User" = ["?1"]
2024/04/15 14:27:41 	"Sec-Fetch-Site" = ["none"]
2024/04/15 14:27:41 	"Cache-Control" = ["no-cache"]
2024/04/15 14:27:41 	"Sec-Ch-Ua-Mobile" = ["?0"]
2024/04/15 14:27:41 	"Dnt" = ["1"]
2024/04/15 14:27:41 	"Upgrade-Insecure-Requests" = ["1"]
2024/04/15 14:27:41 	"Sec-Ch-Ua" = ["\"Google Chrome\";v=\"123\", \"Not:A-Brand\";v=\"8\", \"Chromium\";v=\"123\""]
2024/04/15 14:27:41 	"User-Agent" = ["Mozilla/5.0 (Windows NT 10.0; Win64; x64) AppleWebKit/537.36 (KHTML, like Gecko) Chrome/123.0.0.0 Safari/537.36"]
2024/04/15 14:27:41 	"Accept" = ["text/html,application/xhtml+xml,application/xml;q=0.9,image/avif,image/webp,image/apng,*/*;q=0.8,application/signed-exchange;v=b3;q=0.7"]
2024/04/15 14:27:41 Request Body: 
2024/04/15 14:27:46 Request Line: GET /cookie/set_cookie HTTP/1.1
2024/04/15 14:27:46 Request Headers:
2024/04/15 14:27:46 	"Cookie" = ["test_cookie=cookie_value"]
2024/04/15 14:27:46 	"Sec-Ch-Ua" = ["\"Google Chrome\";v=\"123\", \"Not:A-Brand\";v=\"8\", \"Chromium\";v=\"123\""]
2024/04/15 14:27:46 	"Pragma" = ["no-cache"]
2024/04/15 14:27:46 	"Sec-Ch-Ua-Platform" = ["\"Windows\""]
2024/04/15 14:27:46 	"Upgrade-Insecure-Requests" = ["1"]
2024/04/15 14:27:46 	"User-Agent" = ["Mozilla/5.0 (Windows NT 10.0; Win64; x64) AppleWebKit/537.36 (KHTML, like Gecko) Chrome/123.0.0.0 Safari/537.36"]
2024/04/15 14:27:46 	"Sec-Fetch-Dest" = ["document"]
2024/04/15 14:27:46 	"Accept-Encoding" = ["gzip, deflate, br, zstd"]
2024/04/15 14:27:46 	"Cache-Control" = ["no-cache"]
2024/04/15 14:27:46 	"Accept" = ["text/html,application/xhtml+xml,application/xml;q=0.9,image/avif,image/webp,image/apng,*/*;q=0.8,application/signed-exchange;v=b3;q=0.7"]
2024/04/15 14:27:46 	"Sec-Fetch-User" = ["?1"]
2024/04/15 14:27:46 	"Accept-Language" = ["en-US,en;q=0.9,zh-CN;q=0.8,zh;q=0.7"]
2024/04/15 14:27:46 	"Connection" = ["keep-alive"]
2024/04/15 14:27:46 	"Dnt" = ["1"]
2024/04/15 14:27:46 	"Sec-Fetch-Site" = ["none"]
2024/04/15 14:27:46 	"Sec-Fetch-Mode" = ["navigate"]
2024/04/15 14:27:46 	"Sec-Ch-Ua-Mobile" = ["?0"]
2024/04/15 14:27:46 Request Body: 
2024/04/15 14:28:43 Request Line: GET /cookie/delete_cookie HTTP/1.1
2024/04/15 14:28:43 Request Headers:
2024/04/15 14:28:43 	"Accept-Language" = ["en-US,en;q=0.9,zh-CN;q=0.8,zh;q=0.7"]
2024/04/15 14:28:43 	"Pragma" = ["no-cache"]
2024/04/15 14:28:43 	"Sec-Ch-Ua-Platform" = ["\"Windows\""]
2024/04/15 14:28:43 	"Sec-Fetch-User" = ["?1"]
2024/04/15 14:28:43 	"Connection" = ["keep-alive"]
2024/04/15 14:28:43 	"Cache-Control" = ["no-cache"]
2024/04/15 14:28:43 	"Cookie" = ["test_cookie=cookie_value"]
2024/04/15 14:28:43 	"Sec-Fetch-Site" = ["none"]
2024/04/15 14:28:43 	"Sec-Fetch-Mode" = ["navigate"]
2024/04/15 14:28:43 	"Accept-Encoding" = ["gzip, deflate, br, zstd"]
2024/04/15 14:28:43 	"Sec-Ch-Ua" = ["\"Google Chrome\";v=\"123\", \"Not:A-Brand\";v=\"8\", \"Chromium\";v=\"123\""]
2024/04/15 14:28:43 	"Dnt" = ["1"]
2024/04/15 14:28:43 	"User-Agent" = ["Mozilla/5.0 (Windows NT 10.0; Win64; x64) AppleWebKit/537.36 (KHTML, like Gecko) Chrome/123.0.0.0 Safari/537.36"]
2024/04/15 14:28:43 	"Accept" = ["text/html,application/xhtml+xml,application/xml;q=0.9,image/avif,image/webp,image/apng,*/*;q=0.8,application/signed-exchange;v=b3;q=0.7"]
2024/04/15 14:28:43 	"Sec-Fetch-Dest" = ["document"]
2024/04/15 14:28:43 	"Sec-Ch-Ua-Mobile" = ["?0"]
2024/04/15 14:28:43 	"Upgrade-Insecure-Requests" = ["1"]
2024/04/15 14:28:43 Request Body: 
2024/04/15 14:28:50 Request Line: GET /cookie/echo_cookie HTTP/1.1
2024/04/15 14:28:50 Request Headers:
2024/04/15 14:28:50 	"Accept" = ["text/html,application/xhtml+xml,application/xml;q=0.9,image/avif,image/webp,image/apng,*/*;q=0.8,application/signed-exchange;v=b3;q=0.7"]
2024/04/15 14:28:50 	"Pragma" = ["no-cache"]
2024/04/15 14:28:50 	"Sec-Ch-Ua" = ["\"Google Chrome\";v=\"123\", \"Not:A-Brand\";v=\"8\", \"Chromium\";v=\"123\""]
2024/04/15 14:28:50 	"User-Agent" = ["Mozilla/5.0 (Windows NT 10.0; Win64; x64) AppleWebKit/537.36 (KHTML, like Gecko) Chrome/123.0.0.0 Safari/537.36"]
2024/04/15 14:28:50 	"Sec-Fetch-Site" = ["none"]
2024/04/15 14:28:50 	"Accept-Encoding" = ["gzip, deflate, br, zstd"]
2024/04/15 14:28:50 	"Connection" = ["keep-alive"]
2024/04/15 14:28:50 	"Cache-Control" = ["no-cache"]
2024/04/15 14:28:50 	"Dnt" = ["1"]
2024/04/15 14:28:50 	"Sec-Ch-Ua-Mobile" = ["?0"]
2024/04/15 14:28:50 	"Sec-Fetch-User" = ["?1"]
2024/04/15 14:28:50 	"Sec-Fetch-Dest" = ["document"]
2024/04/15 14:28:50 	"Accept-Language" = ["en-US,en;q=0.9,zh-CN;q=0.8,zh;q=0.7"]
2024/04/15 14:28:50 	"Sec-Ch-Ua-Platform" = ["\"Windows\""]
2024/04/15 14:28:50 	"Upgrade-Insecure-Requests" = ["1"]
2024/04/15 14:28:50 	"Sec-Fetch-Mode" = ["navigate"]
2024/04/15 14:28:50 Request Body: 
2024/04/15 14:29:32 Request Line: GET /cookie/set_cookie HTTP/1.1
2024/04/15 14:29:32 Request Headers:
2024/04/15 14:29:32 	"Sec-Ch-Ua-Mobile" = ["?0"]
2024/04/15 14:29:32 	"Sec-Fetch-Dest" = ["document"]
2024/04/15 14:29:32 	"Accept-Language" = ["en-US,en;q=0.9,zh-CN;q=0.8,zh;q=0.7"]
2024/04/15 14:29:32 	"Connection" = ["keep-alive"]
2024/04/15 14:29:32 	"Sec-Ch-Ua" = ["\"Google Chrome\";v=\"123\", \"Not:A-Brand\";v=\"8\", \"Chromium\";v=\"123\""]
2024/04/15 14:29:32 	"Sec-Ch-Ua-Platform" = ["\"Windows\""]
2024/04/15 14:29:32 	"User-Agent" = ["Mozilla/5.0 (Windows NT 10.0; Win64; x64) AppleWebKit/537.36 (KHTML, like Gecko) Chrome/123.0.0.0 Safari/537.36"]
2024/04/15 14:29:32 	"Sec-Fetch-Mode" = ["navigate"]
2024/04/15 14:29:32 	"Accept-Encoding" = ["gzip, deflate, br, zstd"]
2024/04/15 14:29:32 	"Pragma" = ["no-cache"]
2024/04/15 14:29:32 	"Upgrade-Insecure-Requests" = ["1"]
2024/04/15 14:29:32 	"Accept" = ["text/html,application/xhtml+xml,application/xml;q=0.9,image/avif,image/webp,image/apng,*/*;q=0.8,application/signed-exchange;v=b3;q=0.7"]
2024/04/15 14:29:32 	"Cache-Control" = ["no-cache"]
2024/04/15 14:29:32 	"Dnt" = ["1"]
2024/04/15 14:29:32 	"Sec-Fetch-Site" = ["none"]
2024/04/15 14:29:32 	"Sec-Fetch-User" = ["?1"]
2024/04/15 14:29:32 Request Body: 
2024/04/15 14:29:47 Request Line: GET /cookie/delete_cookie HTTP/1.1
2024/04/15 14:29:47 Request Headers:
2024/04/15 14:29:47 	"Cache-Control" = ["no-cache"]
2024/04/15 14:29:47 	"User-Agent" = ["Mozilla/5.0 (Windows NT 10.0; Win64; x64) AppleWebKit/537.36 (KHTML, like Gecko) Chrome/123.0.0.0 Safari/537.36"]
2024/04/15 14:29:47 	"Sec-Fetch-Site" = ["none"]
2024/04/15 14:29:47 	"Accept-Encoding" = ["gzip, deflate, br, zstd"]
2024/04/15 14:29:47 	"Cookie" = ["test_cookie=cookie_value"]
2024/04/15 14:29:47 	"Connection" = ["keep-alive"]
2024/04/15 14:29:47 	"Accept-Language" = ["en-US,en;q=0.9,zh-CN;q=0.8,zh;q=0.7"]
2024/04/15 14:29:47 	"Sec-Ch-Ua-Mobile" = ["?0"]
2024/04/15 14:29:47 	"Dnt" = ["1"]
2024/04/15 14:29:47 	"Upgrade-Insecure-Requests" = ["1"]
2024/04/15 14:29:47 	"Sec-Fetch-Mode" = ["navigate"]
2024/04/15 14:29:47 	"Sec-Fetch-User" = ["?1"]
2024/04/15 14:29:47 	"Pragma" = ["no-cache"]
2024/04/15 14:29:47 	"Sec-Ch-Ua" = ["\"Google Chrome\";v=\"123\", \"Not:A-Brand\";v=\"8\", \"Chromium\";v=\"123\""]
2024/04/15 14:29:47 	"Sec-Ch-Ua-Platform" = ["\"Windows\""]
2024/04/15 14:29:47 	"Accept" = ["text/html,application/xhtml+xml,application/xml;q=0.9,image/avif,image/webp,image/apng,*/*;q=0.8,application/signed-exchange;v=b3;q=0.7"]
2024/04/15 14:29:47 	"Sec-Fetch-Dest" = ["document"]
2024/04/15 14:29:47 Request Body: 
2024/04/15 14:30:37 Request Line: GET /cookie/set_cookie HTTP/1.1
2024/04/15 14:30:37 Request Headers:
2024/04/15 14:30:37 	"User-Agent" = ["Mozilla/5.0 (Windows NT 10.0; Win64; x64) AppleWebKit/537.36 (KHTML, like Gecko) Chrome/123.0.0.0 Safari/537.36"]
2024/04/15 14:30:37 	"Accept" = ["text/html,application/xhtml+xml,application/xml;q=0.9,image/avif,image/webp,image/apng,*/*;q=0.8,application/signed-exchange;v=b3;q=0.7"]
2024/04/15 14:30:37 	"Sec-Fetch-Dest" = ["document"]
2024/04/15 14:30:37 	"Accept-Encoding" = ["gzip, deflate, br, zstd"]
2024/04/15 14:30:37 	"Connection" = ["keep-alive"]
2024/04/15 14:30:37 	"Sec-Ch-Ua" = ["\"Google Chrome\";v=\"123\", \"Not:A-Brand\";v=\"8\", \"Chromium\";v=\"123\""]
2024/04/15 14:30:37 	"Sec-Ch-Ua-Platform" = ["\"Windows\""]
2024/04/15 14:30:37 	"Cache-Control" = ["no-cache"]
2024/04/15 14:30:37 	"Dnt" = ["1"]
2024/04/15 14:30:37 	"Sec-Fetch-Site" = ["none"]
2024/04/15 14:30:37 	"Pragma" = ["no-cache"]
2024/04/15 14:30:37 	"Upgrade-Insecure-Requests" = ["1"]
2024/04/15 14:30:37 	"Sec-Fetch-Mode" = ["navigate"]
2024/04/15 14:30:37 	"Sec-Fetch-User" = ["?1"]
2024/04/15 14:30:37 	"Accept-Language" = ["en-US,en;q=0.9,zh-CN;q=0.8,zh;q=0.7"]
2024/04/15 14:30:37 	"Sec-Ch-Ua-Mobile" = ["?0"]
2024/04/15 14:30:37 Request Body: 
2024/04/15 14:30:53 Request Line: GET /cookie/delete_cookie HTTP/1.1
2024/04/15 14:30:53 Request Headers:
2024/04/15 14:30:53 	"Pragma" = ["no-cache"]
2024/04/15 14:30:53 	"Cache-Control" = ["no-cache"]
2024/04/15 14:30:53 	"Sec-Ch-Ua-Platform" = ["\"Windows\""]
2024/04/15 14:30:53 	"User-Agent" = ["Mozilla/5.0 (Windows NT 10.0; Win64; x64) AppleWebKit/537.36 (KHTML, like Gecko) Chrome/123.0.0.0 Safari/537.36"]
2024/04/15 14:30:53 	"Cookie" = ["test_cookie=cookie_value"]
2024/04/15 14:30:53 	"Accept" = ["text/html,application/xhtml+xml,application/xml;q=0.9,image/avif,image/webp,image/apng,*/*;q=0.8,application/signed-exchange;v=b3;q=0.7"]
2024/04/15 14:30:53 	"Sec-Fetch-User" = ["?1"]
2024/04/15 14:30:53 	"Accept-Encoding" = ["gzip, deflate, br, zstd"]
2024/04/15 14:30:53 	"Accept-Language" = ["en-US,en;q=0.9,zh-CN;q=0.8,zh;q=0.7"]
2024/04/15 14:30:53 	"Sec-Ch-Ua-Mobile" = ["?0"]
2024/04/15 14:30:53 	"Sec-Fetch-Site" = ["none"]
2024/04/15 14:30:53 	"Sec-Fetch-Dest" = ["document"]
2024/04/15 14:30:53 	"Connection" = ["keep-alive"]
2024/04/15 14:30:53 	"Sec-Ch-Ua" = ["\"Google Chrome\";v=\"123\", \"Not:A-Brand\";v=\"8\", \"Chromium\";v=\"123\""]
2024/04/15 14:30:53 	"Dnt" = ["1"]
2024/04/15 14:30:53 	"Upgrade-Insecure-Requests" = ["1"]
2024/04/15 14:30:53 	"Sec-Fetch-Mode" = ["navigate"]
2024/04/15 14:30:53 Request Body: 
2024/04/15 14:31:12 Request Line: GET /cookie/set_cookie HTTP/1.1
2024/04/15 14:31:12 Request Headers:
2024/04/15 14:31:12 	"Sec-Ch-Ua-Mobile" = ["?0"]
2024/04/15 14:31:12 	"Dnt" = ["1"]
2024/04/15 14:31:12 	"Pragma" = ["no-cache"]
2024/04/15 14:31:12 	"Sec-Ch-Ua" = ["\"Google Chrome\";v=\"123\", \"Not:A-Brand\";v=\"8\", \"Chromium\";v=\"123\""]
2024/04/15 14:31:12 	"Sec-Fetch-User" = ["?1"]
2024/04/15 14:31:12 	"Sec-Fetch-Dest" = ["document"]
2024/04/15 14:31:12 	"Connection" = ["keep-alive"]
2024/04/15 14:31:12 	"Sec-Fetch-Site" = ["none"]
2024/04/15 14:31:12 	"User-Agent" = ["Mozilla/5.0 (Windows NT 10.0; Win64; x64) AppleWebKit/537.36 (KHTML, like Gecko) Chrome/123.0.0.0 Safari/537.36"]
2024/04/15 14:31:12 	"Sec-Fetch-Mode" = ["navigate"]
2024/04/15 14:31:12 	"Accept-Encoding" = ["gzip, deflate, br, zstd"]
2024/04/15 14:31:12 	"Cache-Control" = ["no-cache"]
2024/04/15 14:31:12 	"Accept" = ["text/html,application/xhtml+xml,application/xml;q=0.9,image/avif,image/webp,image/apng,*/*;q=0.8,application/signed-exchange;v=b3;q=0.7"]
2024/04/15 14:31:12 	"Accept-Language" = ["en-US,en;q=0.9,zh-CN;q=0.8,zh;q=0.7"]
2024/04/15 14:31:12 	"Sec-Ch-Ua-Platform" = ["\"Windows\""]
2024/04/15 14:31:12 	"Upgrade-Insecure-Requests" = ["1"]
2024/04/15 14:31:12 Request Body: 
2024/04/15 14:31:22 Request Line: GET /cookie/delete_cookie HTTP/1.1
2024/04/15 14:31:22 Request Headers:
2024/04/15 14:31:22 	"Cache-Control" = ["no-cache"]
2024/04/15 14:31:22 	"User-Agent" = ["Mozilla/5.0 (Windows NT 10.0; Win64; x64) AppleWebKit/537.36 (KHTML, like Gecko) Chrome/123.0.0.0 Safari/537.36"]
2024/04/15 14:31:22 	"Accept" = ["text/html,application/xhtml+xml,application/xml;q=0.9,image/avif,image/webp,image/apng,*/*;q=0.8,application/signed-exchange;v=b3;q=0.7"]
2024/04/15 14:31:22 	"Sec-Fetch-Dest" = ["document"]
2024/04/15 14:31:22 	"Pragma" = ["no-cache"]
2024/04/15 14:31:22 	"Sec-Ch-Ua" = ["\"Google Chrome\";v=\"123\", \"Not:A-Brand\";v=\"8\", \"Chromium\";v=\"123\""]
2024/04/15 14:31:22 	"Dnt" = ["1"]
2024/04/15 14:31:22 	"Upgrade-Insecure-Requests" = ["1"]
2024/04/15 14:31:22 	"Sec-Fetch-Site" = ["none"]
2024/04/15 14:31:22 	"Sec-Fetch-Mode" = ["navigate"]
2024/04/15 14:31:22 	"Accept-Encoding" = ["gzip, deflate, br, zstd"]
2024/04/15 14:31:22 	"Accept-Language" = ["en-US,en;q=0.9,zh-CN;q=0.8,zh;q=0.7"]
2024/04/15 14:31:22 	"Connection" = ["keep-alive"]
2024/04/15 14:31:22 	"Sec-Ch-Ua-Mobile" = ["?0"]
2024/04/15 14:31:22 	"Sec-Ch-Ua-Platform" = ["\"Windows\""]
2024/04/15 14:31:22 	"Sec-Fetch-User" = ["?1"]
2024/04/15 14:31:22 	"Cookie" = ["test_cookie=cookie_value"]
2024/04/15 14:31:22 Request Body: 
2024/04/15 14:32:33 Request Line: GET /cookie/set_cookie HTTP/1.1
2024/04/15 14:32:33 Request Headers:
2024/04/15 14:32:33 	"Pragma" = ["no-cache"]
2024/04/15 14:32:33 	"Sec-Ch-Ua-Mobile" = ["?0"]
2024/04/15 14:32:33 	"Upgrade-Insecure-Requests" = ["1"]
2024/04/15 14:32:33 	"User-Agent" = ["Mozilla/5.0 (Windows NT 10.0; Win64; x64) AppleWebKit/537.36 (KHTML, like Gecko) Chrome/123.0.0.0 Safari/537.36"]
2024/04/15 14:32:33 	"Accept" = ["text/html,application/xhtml+xml,application/xml;q=0.9,image/avif,image/webp,image/apng,*/*;q=0.8,application/signed-exchange;v=b3;q=0.7"]
2024/04/15 14:32:33 	"Sec-Fetch-User" = ["?1"]
2024/04/15 14:32:33 	"Accept-Language" = ["en-US,en;q=0.9,zh-CN;q=0.8,zh;q=0.7"]
2024/04/15 14:32:33 	"Cache-Control" = ["no-cache"]
2024/04/15 14:32:33 	"Sec-Fetch-Mode" = ["navigate"]
2024/04/15 14:32:33 	"Accept-Encoding" = ["gzip, deflate, br, zstd"]
2024/04/15 14:32:33 	"Connection" = ["keep-alive"]
2024/04/15 14:32:33 	"Sec-Ch-Ua" = ["\"Google Chrome\";v=\"123\", \"Not:A-Brand\";v=\"8\", \"Chromium\";v=\"123\""]
2024/04/15 14:32:33 	"Sec-Ch-Ua-Platform" = ["\"Windows\""]
2024/04/15 14:32:33 	"Dnt" = ["1"]
2024/04/15 14:32:33 	"Sec-Fetch-Site" = ["none"]
2024/04/15 14:32:33 	"Sec-Fetch-Dest" = ["document"]
2024/04/15 14:32:33 Request Body: 
2024/04/15 14:33:05 Request Line: GET /cookie/set_cookie HTTP/1.1
2024/04/15 14:33:05 Request Headers:
2024/04/15 14:33:05 	"Dnt" = ["1"]
2024/04/15 14:33:05 	"Sec-Fetch-Dest" = ["document"]
2024/04/15 14:33:05 	"Sec-Ch-Ua" = ["\"Google Chrome\";v=\"123\", \"Not:A-Brand\";v=\"8\", \"Chromium\";v=\"123\""]
2024/04/15 14:33:05 	"Upgrade-Insecure-Requests" = ["1"]
2024/04/15 14:33:05 	"User-Agent" = ["Mozilla/5.0 (Windows NT 10.0; Win64; x64) AppleWebKit/537.36 (KHTML, like Gecko) Chrome/123.0.0.0 Safari/537.36"]
2024/04/15 14:33:05 	"Accept" = ["text/html,application/xhtml+xml,application/xml;q=0.9,image/avif,image/webp,image/apng,*/*;q=0.8,application/signed-exchange;v=b3;q=0.7"]
2024/04/15 14:33:05 	"Accept-Encoding" = ["gzip, deflate, br, zstd"]
2024/04/15 14:33:05 	"Sec-Fetch-User" = ["?1"]
2024/04/15 14:33:05 	"Cookie" = ["test_cookie=cookie_value"]
2024/04/15 14:33:05 	"Connection" = ["keep-alive"]
2024/04/15 14:33:05 	"Cache-Control" = ["no-cache"]
2024/04/15 14:33:05 	"Sec-Ch-Ua-Mobile" = ["?0"]
2024/04/15 14:33:05 	"Sec-Ch-Ua-Platform" = ["\"Windows\""]
2024/04/15 14:33:05 	"Sec-Fetch-Site" = ["none"]
2024/04/15 14:33:05 	"Pragma" = ["no-cache"]
2024/04/15 14:33:05 	"Sec-Fetch-Mode" = ["navigate"]
2024/04/15 14:33:05 	"Accept-Language" = ["en-US,en;q=0.9,zh-CN;q=0.8,zh;q=0.7"]
2024/04/15 14:33:05 Request Body: 
2024/04/15 14:33:24 Request Line: GET /cookie/set_cookie HTTP/1.1
2024/04/15 14:33:24 Request Headers:
2024/04/15 14:33:24 	"Accept" = ["text/html,application/xhtml+xml,application/xml;q=0.9,image/avif,image/webp,image/apng,*/*;q=0.8,application/signed-exchange;v=b3;q=0.7"]
2024/04/15 14:33:24 	"Sec-Fetch-Mode" = ["navigate"]
2024/04/15 14:33:24 	"Sec-Fetch-User" = ["?1"]
2024/04/15 14:33:24 	"Accept-Language" = ["en-US,en;q=0.9,zh-CN;q=0.8,zh;q=0.7"]
2024/04/15 14:33:24 	"Pragma" = ["no-cache"]
2024/04/15 14:33:24 	"Accept-Encoding" = ["gzip, deflate, br, zstd"]
2024/04/15 14:33:24 	"Cache-Control" = ["no-cache"]
2024/04/15 14:33:24 	"Sec-Fetch-Site" = ["none"]
2024/04/15 14:33:24 	"User-Agent" = ["Mozilla/5.0 (Windows NT 10.0; Win64; x64) AppleWebKit/537.36 (KHTML, like Gecko) Chrome/123.0.0.0 Safari/537.36"]
2024/04/15 14:33:24 	"Sec-Fetch-Dest" = ["document"]
2024/04/15 14:33:24 	"Cookie" = ["test_cookie=cookie_value"]
2024/04/15 14:33:24 	"Connection" = ["keep-alive"]
2024/04/15 14:33:24 	"Dnt" = ["1"]
2024/04/15 14:33:24 	"Sec-Ch-Ua-Platform" = ["\"Windows\""]
2024/04/15 14:33:24 	"Upgrade-Insecure-Requests" = ["1"]
2024/04/15 14:33:24 	"Sec-Ch-Ua" = ["\"Google Chrome\";v=\"123\", \"Not:A-Brand\";v=\"8\", \"Chromium\";v=\"123\""]
2024/04/15 14:33:24 	"Sec-Ch-Ua-Mobile" = ["?0"]
2024/04/15 14:33:24 Request Body: 
2024/04/15 14:33:34 Request Line: GET /cookie/set_cookie HTTP/1.1
2024/04/15 14:33:34 Request Headers:
2024/04/15 14:33:34 	"User-Agent" = ["Mozilla/5.0 (Windows NT 10.0; Win64; x64) AppleWebKit/537.36 (KHTML, like Gecko) Chrome/123.0.0.0 Safari/537.36"]
2024/04/15 14:33:34 	"Accept" = ["text/html,application/xhtml+xml,application/xml;q=0.9,image/avif,image/webp,image/apng,*/*;q=0.8,application/signed-exchange;v=b3;q=0.7"]
2024/04/15 14:33:34 	"Connection" = ["keep-alive"]
2024/04/15 14:33:34 	"Pragma" = ["no-cache"]
2024/04/15 14:33:34 	"Sec-Ch-Ua-Platform" = ["\"Windows\""]
2024/04/15 14:33:34 	"Upgrade-Insecure-Requests" = ["1"]
2024/04/15 14:33:34 	"Sec-Fetch-Site" = ["none"]
2024/04/15 14:33:34 	"Sec-Fetch-Mode" = ["navigate"]
2024/04/15 14:33:34 	"Cookie" = ["test_cookie=cookie_value"]
2024/04/15 14:33:34 	"Sec-Ch-Ua-Mobile" = ["?0"]
2024/04/15 14:33:34 	"Sec-Fetch-User" = ["?1"]
2024/04/15 14:33:34 	"Accept-Encoding" = ["gzip, deflate, br, zstd"]
2024/04/15 14:33:34 	"Accept-Language" = ["en-US,en;q=0.9,zh-CN;q=0.8,zh;q=0.7"]
2024/04/15 14:33:34 	"Cache-Control" = ["no-cache"]
2024/04/15 14:33:34 	"Dnt" = ["1"]
2024/04/15 14:33:34 	"Sec-Fetch-Dest" = ["document"]
2024/04/15 14:33:34 	"Sec-Ch-Ua" = ["\"Google Chrome\";v=\"123\", \"Not:A-Brand\";v=\"8\", \"Chromium\";v=\"123\""]
2024/04/15 14:33:34 Request Body: 
2024/04/15 14:34:12 Request Line: GET /cookie/set_cookie HTTP/1.1
2024/04/15 14:34:12 Request Headers:
2024/04/15 14:34:12 	"Accept" = ["text/html,application/xhtml+xml,application/xml;q=0.9,image/avif,image/webp,image/apng,*/*;q=0.8,application/signed-exchange;v=b3;q=0.7"]
2024/04/15 14:34:12 	"Sec-Fetch-Mode" = ["navigate"]
2024/04/15 14:34:12 	"Accept-Language" = ["en-US,en;q=0.9,zh-CN;q=0.8,zh;q=0.7"]
2024/04/15 14:34:12 	"Connection" = ["keep-alive"]
2024/04/15 14:34:12 	"Dnt" = ["1"]
2024/04/15 14:34:12 	"Accept-Encoding" = ["gzip, deflate, br, zstd"]
2024/04/15 14:34:12 	"Cookie" = ["test_cookie=cookie_value"]
2024/04/15 14:34:12 	"Sec-Ch-Ua" = ["\"Google Chrome\";v=\"123\", \"Not:A-Brand\";v=\"8\", \"Chromium\";v=\"123\""]
2024/04/15 14:34:12 	"Sec-Ch-Ua-Mobile" = ["?0"]
2024/04/15 14:34:12 	"Sec-Ch-Ua-Platform" = ["\"Windows\""]
2024/04/15 14:34:12 	"User-Agent" = ["Mozilla/5.0 (Windows NT 10.0; Win64; x64) AppleWebKit/537.36 (KHTML, like Gecko) Chrome/123.0.0.0 Safari/537.36"]
2024/04/15 14:34:12 	"Sec-Fetch-Site" = ["none"]
2024/04/15 14:34:12 	"Sec-Fetch-User" = ["?1"]
2024/04/15 14:34:12 	"Pragma" = ["no-cache"]
2024/04/15 14:34:12 	"Sec-Fetch-Dest" = ["document"]
2024/04/15 14:34:12 	"Cache-Control" = ["no-cache"]
2024/04/15 14:34:12 	"Upgrade-Insecure-Requests" = ["1"]
2024/04/15 14:34:12 Request Body: 
2024/04/15 14:34:18 Request Line: GET /cookie/set_cookie HTTP/1.1
2024/04/15 14:34:18 Request Headers:
2024/04/15 14:34:18 	"Pragma" = ["no-cache"]
2024/04/15 14:34:18 	"Upgrade-Insecure-Requests" = ["1"]
2024/04/15 14:34:18 	"Accept-Encoding" = ["gzip, deflate, br, zstd"]
2024/04/15 14:34:18 	"Cookie" = ["test_cookie=cookie_value"]
2024/04/15 14:34:18 	"Sec-Fetch-Mode" = ["navigate"]
2024/04/15 14:34:18 	"Sec-Ch-Ua" = ["\"Google Chrome\";v=\"123\", \"Not:A-Brand\";v=\"8\", \"Chromium\";v=\"123\""]
2024/04/15 14:34:18 	"Sec-Ch-Ua-Platform" = ["\"Windows\""]
2024/04/15 14:34:18 	"Accept" = ["text/html,application/xhtml+xml,application/xml;q=0.9,image/avif,image/webp,image/apng,*/*;q=0.8,application/signed-exchange;v=b3;q=0.7"]
2024/04/15 14:34:18 	"Sec-Fetch-Dest" = ["document"]
2024/04/15 14:34:18 	"Sec-Ch-Ua-Mobile" = ["?0"]
2024/04/15 14:34:18 	"User-Agent" = ["Mozilla/5.0 (Windows NT 10.0; Win64; x64) AppleWebKit/537.36 (KHTML, like Gecko) Chrome/123.0.0.0 Safari/537.36"]
2024/04/15 14:34:18 	"Sec-Fetch-Site" = ["none"]
2024/04/15 14:34:18 	"Sec-Fetch-User" = ["?1"]
2024/04/15 14:34:18 	"Connection" = ["keep-alive"]
2024/04/15 14:34:18 	"Cache-Control" = ["no-cache"]
2024/04/15 14:34:18 	"Dnt" = ["1"]
2024/04/15 14:34:18 	"Accept-Language" = ["en-US,en;q=0.9,zh-CN;q=0.8,zh;q=0.7"]
2024/04/15 14:34:18 Request Body: 
2024/04/15 14:34:30 Request Line: GET /cookie/set_cookie HTTP/1.1
2024/04/15 14:34:30 Request Headers:
2024/04/15 14:34:30 	"Sec-Ch-Ua-Platform" = ["\"Windows\""]
2024/04/15 14:34:30 	"Accept-Encoding" = ["gzip, deflate, br, zstd"]
2024/04/15 14:34:30 	"Connection" = ["keep-alive"]
2024/04/15 14:34:30 	"Pragma" = ["no-cache"]
2024/04/15 14:34:30 	"Sec-Ch-Ua-Mobile" = ["?0"]
2024/04/15 14:34:30 	"Cookie" = ["test_cookie=cookie_value"]
2024/04/15 14:34:30 	"Cache-Control" = ["no-cache"]
2024/04/15 14:34:30 	"Upgrade-Insecure-Requests" = ["1"]
2024/04/15 14:34:30 	"User-Agent" = ["Mozilla/5.0 (Windows NT 10.0; Win64; x64) AppleWebKit/537.36 (KHTML, like Gecko) Chrome/123.0.0.0 Safari/537.36"]
2024/04/15 14:34:30 	"Sec-Fetch-Site" = ["none"]
2024/04/15 14:34:30 	"Sec-Fetch-Dest" = ["document"]
2024/04/15 14:34:30 	"Sec-Ch-Ua" = ["\"Google Chrome\";v=\"123\", \"Not:A-Brand\";v=\"8\", \"Chromium\";v=\"123\""]
2024/04/15 14:34:30 	"Dnt" = ["1"]
2024/04/15 14:34:30 	"Accept-Language" = ["en-US,en;q=0.9,zh-CN;q=0.8,zh;q=0.7"]
2024/04/15 14:34:30 	"Accept" = ["text/html,application/xhtml+xml,application/xml;q=0.9,image/avif,image/webp,image/apng,*/*;q=0.8,application/signed-exchange;v=b3;q=0.7"]
2024/04/15 14:34:30 	"Sec-Fetch-Mode" = ["navigate"]
2024/04/15 14:34:30 	"Sec-Fetch-User" = ["?1"]
2024/04/15 14:34:30 Request Body: 
2024/04/15 14:34:36 Request Line: GET /cookie/set_cookie HTTP/1.1
2024/04/15 14:34:36 Request Headers:
2024/04/15 14:34:36 	"Pragma" = ["no-cache"]
2024/04/15 14:34:36 	"Sec-Ch-Ua" = ["\"Google Chrome\";v=\"123\", \"Not:A-Brand\";v=\"8\", \"Chromium\";v=\"123\""]
2024/04/15 14:34:36 	"Sec-Ch-Ua-Platform" = ["\"Windows\""]
2024/04/15 14:34:36 	"User-Agent" = ["Mozilla/5.0 (Windows NT 10.0; Win64; x64) AppleWebKit/537.36 (KHTML, like Gecko) Chrome/123.0.0.0 Safari/537.36"]
2024/04/15 14:34:36 	"Sec-Fetch-User" = ["?1"]
2024/04/15 14:34:36 	"Accept-Encoding" = ["gzip, deflate, br, zstd"]
2024/04/15 14:34:36 	"Sec-Ch-Ua-Mobile" = ["?0"]
2024/04/15 14:34:36 	"Connection" = ["keep-alive"]
2024/04/15 14:34:36 	"Cache-Control" = ["no-cache"]
2024/04/15 14:34:36 	"Cookie" = ["test_cookie=cookie_value"]
2024/04/15 14:34:36 	"Dnt" = ["1"]
2024/04/15 14:34:36 	"Upgrade-Insecure-Requests" = ["1"]
2024/04/15 14:34:36 	"Accept" = ["text/html,application/xhtml+xml,application/xml;q=0.9,image/avif,image/webp,image/apng,*/*;q=0.8,application/signed-exchange;v=b3;q=0.7"]
2024/04/15 14:34:36 	"Sec-Fetch-Site" = ["none"]
2024/04/15 14:34:36 	"Sec-Fetch-Mode" = ["navigate"]
2024/04/15 14:34:36 	"Sec-Fetch-Dest" = ["document"]
2024/04/15 14:34:36 	"Accept-Language" = ["en-US,en;q=0.9,zh-CN;q=0.8,zh;q=0.7"]
2024/04/15 14:34:36 Request Body: 
2024/04/15 14:34:48 Request Line: GET /cookie/delete_cookie HTTP/1.1
2024/04/15 14:34:48 Request Headers:
2024/04/15 14:34:48 	"Connection" = ["keep-alive"]
2024/04/15 14:34:48 	"Dnt" = ["1"]
2024/04/15 14:34:48 	"Upgrade-Insecure-Requests" = ["1"]
2024/04/15 14:34:48 	"Sec-Ch-Ua" = ["\"Google Chrome\";v=\"123\", \"Not:A-Brand\";v=\"8\", \"Chromium\";v=\"123\""]
2024/04/15 14:34:48 	"Sec-Fetch-Dest" = ["document"]
2024/04/15 14:34:48 	"Accept-Language" = ["en-US,en;q=0.9,zh-CN;q=0.8,zh;q=0.7"]
2024/04/15 14:34:48 	"Pragma" = ["no-cache"]
2024/04/15 14:34:48 	"Cache-Control" = ["no-cache"]
2024/04/15 14:34:48 	"Sec-Ch-Ua-Mobile" = ["?0"]
2024/04/15 14:34:48 	"Accept" = ["text/html,application/xhtml+xml,application/xml;q=0.9,image/avif,image/webp,image/apng,*/*;q=0.8,application/signed-exchange;v=b3;q=0.7"]
2024/04/15 14:34:48 	"Sec-Fetch-Site" = ["none"]
2024/04/15 14:34:48 	"Accept-Encoding" = ["gzip, deflate, br, zstd"]
2024/04/15 14:34:48 	"Sec-Ch-Ua-Platform" = ["\"Windows\""]
2024/04/15 14:34:48 	"User-Agent" = ["Mozilla/5.0 (Windows NT 10.0; Win64; x64) AppleWebKit/537.36 (KHTML, like Gecko) Chrome/123.0.0.0 Safari/537.36"]
2024/04/15 14:34:48 	"Sec-Fetch-Mode" = ["navigate"]
2024/04/15 14:34:48 	"Sec-Fetch-User" = ["?1"]
2024/04/15 14:34:48 	"Cookie" = ["test_cookie=cookie_value"]
2024/04/15 14:34:48 Request Body: 
2024/04/15 14:36:20 Request Line: GET /cookie/delete_cookie HTTP/1.1
2024/04/15 14:36:20 Request Headers:
2024/04/15 14:36:20 	"Sec-Fetch-User" = ["?1"]
2024/04/15 14:36:20 	"Accept-Encoding" = ["gzip, deflate, br, zstd"]
2024/04/15 14:36:20 	"Cache-Control" = ["no-cache"]
2024/04/15 14:36:20 	"Upgrade-Insecure-Requests" = ["1"]
2024/04/15 14:36:20 	"Accept-Language" = ["en-US,en;q=0.9,zh-CN;q=0.8,zh;q=0.7"]
2024/04/15 14:36:20 	"Pragma" = ["no-cache"]
2024/04/15 14:36:20 	"Sec-Ch-Ua-Platform" = ["\"Windows\""]
2024/04/15 14:36:20 	"Sec-Fetch-Dest" = ["document"]
2024/04/15 14:36:20 	"Dnt" = ["1"]
2024/04/15 14:36:20 	"User-Agent" = ["Mozilla/5.0 (Windows NT 10.0; Win64; x64) AppleWebKit/537.36 (KHTML, like Gecko) Chrome/123.0.0.0 Safari/537.36"]
2024/04/15 14:36:20 	"Accept" = ["text/html,application/xhtml+xml,application/xml;q=0.9,image/avif,image/webp,image/apng,*/*;q=0.8,application/signed-exchange;v=b3;q=0.7"]
2024/04/15 14:36:20 	"Sec-Fetch-Site" = ["none"]
2024/04/15 14:36:20 	"Sec-Fetch-Mode" = ["navigate"]
2024/04/15 14:36:20 	"Connection" = ["keep-alive"]
2024/04/15 14:36:20 	"Sec-Ch-Ua" = ["\"Google Chrome\";v=\"123\", \"Not:A-Brand\";v=\"8\", \"Chromium\";v=\"123\""]
2024/04/15 14:36:20 	"Sec-Ch-Ua-Mobile" = ["?0"]
2024/04/15 14:36:20 Request Body: 
2024/04/15 14:36:38 Request Line: GET /cookie/set_cookie HTTP/1.1
2024/04/15 14:36:38 Request Headers:
2024/04/15 14:36:38 	"Pragma" = ["no-cache"]
2024/04/15 14:36:38 	"Sec-Fetch-Dest" = ["document"]
2024/04/15 14:36:38 	"Accept-Language" = ["en-US,en;q=0.9,zh-CN;q=0.8,zh;q=0.7"]
2024/04/15 14:36:38 	"Connection" = ["keep-alive"]
2024/04/15 14:36:38 	"Cache-Control" = ["no-cache"]
2024/04/15 14:36:38 	"Sec-Ch-Ua-Mobile" = ["?0"]
2024/04/15 14:36:38 	"Sec-Fetch-Site" = ["none"]
2024/04/15 14:36:38 	"Sec-Fetch-Mode" = ["navigate"]
2024/04/15 14:36:38 	"User-Agent" = ["Mozilla/5.0 (Windows NT 10.0; Win64; x64) AppleWebKit/537.36 (KHTML, like Gecko) Chrome/123.0.0.0 Safari/537.36"]
2024/04/15 14:36:38 	"Accept" = ["text/html,application/xhtml+xml,application/xml;q=0.9,image/avif,image/webp,image/apng,*/*;q=0.8,application/signed-exchange;v=b3;q=0.7"]
2024/04/15 14:36:38 	"Accept-Encoding" = ["gzip, deflate, br, zstd"]
2024/04/15 14:36:38 	"Sec-Ch-Ua-Platform" = ["\"Windows\""]
2024/04/15 14:36:38 	"Dnt" = ["1"]
2024/04/15 14:36:38 	"Upgrade-Insecure-Requests" = ["1"]
2024/04/15 14:36:38 	"Sec-Fetch-User" = ["?1"]
2024/04/15 14:36:38 	"Sec-Ch-Ua" = ["\"Google Chrome\";v=\"123\", \"Not:A-Brand\";v=\"8\", \"Chromium\";v=\"123\""]
2024/04/15 14:36:38 Request Body: 
2024/04/15 14:37:04 Request Line: GET /cookie/set_cookie HTTP/1.1
2024/04/15 14:37:04 Request Headers:
2024/04/15 14:37:04 	"Accept" = ["text/html,application/xhtml+xml,application/xml;q=0.9,image/avif,image/webp,image/apng,*/*;q=0.8,application/signed-exchange;v=b3;q=0.7"]
2024/04/15 14:37:04 	"Pragma" = ["no-cache"]
2024/04/15 14:37:04 	"Sec-Ch-Ua-Mobile" = ["?0"]
2024/04/15 14:37:04 	"Accept-Encoding" = ["gzip, deflate, br, zstd"]
2024/04/15 14:37:04 	"Upgrade-Insecure-Requests" = ["1"]
2024/04/15 14:37:04 	"User-Agent" = ["Mozilla/5.0 (Windows NT 10.0; Win64; x64) AppleWebKit/537.36 (KHTML, like Gecko) Chrome/123.0.0.0 Safari/537.36"]
2024/04/15 14:37:04 	"Sec-Fetch-Mode" = ["navigate"]
2024/04/15 14:37:04 	"Sec-Fetch-User" = ["?1"]
2024/04/15 14:37:04 	"Cookie" = ["test_cookie=cookie_value"]
2024/04/15 14:37:04 	"Sec-Ch-Ua" = ["\"Google Chrome\";v=\"123\", \"Not:A-Brand\";v=\"8\", \"Chromium\";v=\"123\""]
2024/04/15 14:37:04 	"Dnt" = ["1"]
2024/04/15 14:37:04 	"Sec-Fetch-Site" = ["none"]
2024/04/15 14:37:04 	"Sec-Fetch-Dest" = ["document"]
2024/04/15 14:37:04 	"Accept-Language" = ["en-US,en;q=0.9,zh-CN;q=0.8,zh;q=0.7"]
2024/04/15 14:37:04 	"Connection" = ["keep-alive"]
2024/04/15 14:37:04 	"Cache-Control" = ["no-cache"]
2024/04/15 14:37:04 	"Sec-Ch-Ua-Platform" = ["\"Windows\""]
2024/04/15 14:37:04 Request Body: 
2024/04/15 14:37:13 Request Line: GET /cookie/set_cookie HTTP/1.1
2024/04/15 14:37:13 Request Headers:
2024/04/15 14:37:13 	"Cache-Control" = ["no-cache"]
2024/04/15 14:37:13 	"Sec-Ch-Ua" = ["\"Google Chrome\";v=\"123\", \"Not:A-Brand\";v=\"8\", \"Chromium\";v=\"123\""]
2024/04/15 14:37:13 	"Sec-Ch-Ua-Mobile" = ["?0"]
2024/04/15 14:37:13 	"Dnt" = ["1"]
2024/04/15 14:37:13 	"Upgrade-Insecure-Requests" = ["1"]
2024/04/15 14:37:13 	"Sec-Fetch-Dest" = ["document"]
2024/04/15 14:37:13 	"Pragma" = ["no-cache"]
2024/04/15 14:37:13 	"Sec-Ch-Ua-Platform" = ["\"Windows\""]
2024/04/15 14:37:13 	"Sec-Fetch-Site" = ["none"]
2024/04/15 14:37:13 	"Accept-Encoding" = ["gzip, deflate, br, zstd"]
2024/04/15 14:37:13 	"Cookie" = ["test_cookie=cookie_value"]
2024/04/15 14:37:13 	"Connection" = ["keep-alive"]
2024/04/15 14:37:13 	"Accept" = ["text/html,application/xhtml+xml,application/xml;q=0.9,image/avif,image/webp,image/apng,*/*;q=0.8,application/signed-exchange;v=b3;q=0.7"]
2024/04/15 14:37:13 	"Accept-Language" = ["en-US,en;q=0.9,zh-CN;q=0.8,zh;q=0.7"]
2024/04/15 14:37:13 	"User-Agent" = ["Mozilla/5.0 (Windows NT 10.0; Win64; x64) AppleWebKit/537.36 (KHTML, like Gecko) Chrome/123.0.0.0 Safari/537.36"]
2024/04/15 14:37:13 	"Sec-Fetch-Mode" = ["navigate"]
2024/04/15 14:37:13 	"Sec-Fetch-User" = ["?1"]
2024/04/15 14:37:13 Request Body: 
2024/04/15 14:37:45 Request Line: GET /cookie/delete_cookie HTTP/1.1
2024/04/15 14:37:45 Request Headers:
2024/04/15 14:37:45 	"Sec-Ch-Ua-Platform" = ["\"Windows\""]
2024/04/15 14:37:45 	"Upgrade-Insecure-Requests" = ["1"]
2024/04/15 14:37:45 	"Sec-Fetch-User" = ["?1"]
2024/04/15 14:37:45 	"Sec-Fetch-Dest" = ["document"]
2024/04/15 14:37:45 	"Connection" = ["keep-alive"]
2024/04/15 14:37:45 	"Pragma" = ["no-cache"]
2024/04/15 14:37:45 	"Cache-Control" = ["no-cache"]
2024/04/15 14:37:45 	"Accept" = ["text/html,application/xhtml+xml,application/xml;q=0.9,image/avif,image/webp,image/apng,*/*;q=0.8,application/signed-exchange;v=b3;q=0.7"]
2024/04/15 14:37:45 	"Accept-Language" = ["en-US,en;q=0.9,zh-CN;q=0.8,zh;q=0.7"]
2024/04/15 14:37:45 	"Cookie" = ["test_cookie=cookie_value"]
2024/04/15 14:37:45 	"Sec-Ch-Ua-Mobile" = ["?0"]
2024/04/15 14:37:45 	"Dnt" = ["1"]
2024/04/15 14:37:45 	"Sec-Ch-Ua" = ["\"Google Chrome\";v=\"123\", \"Not:A-Brand\";v=\"8\", \"Chromium\";v=\"123\""]
2024/04/15 14:37:45 	"User-Agent" = ["Mozilla/5.0 (Windows NT 10.0; Win64; x64) AppleWebKit/537.36 (KHTML, like Gecko) Chrome/123.0.0.0 Safari/537.36"]
2024/04/15 14:37:45 	"Sec-Fetch-Site" = ["none"]
2024/04/15 14:37:45 	"Sec-Fetch-Mode" = ["navigate"]
2024/04/15 14:37:45 	"Accept-Encoding" = ["gzip, deflate, br, zstd"]
2024/04/15 14:37:45 Request Body: 
2024/04/15 14:37:55 Request Line: GET /cookie/set_cookie HTTP/1.1
2024/04/15 14:37:55 Request Headers:
2024/04/15 14:37:55 	"Sec-Ch-Ua-Platform" = ["\"Windows\""]
2024/04/15 14:37:55 	"User-Agent" = ["Mozilla/5.0 (Windows NT 10.0; Win64; x64) AppleWebKit/537.36 (KHTML, like Gecko) Chrome/123.0.0.0 Safari/537.36"]
2024/04/15 14:37:55 	"Sec-Fetch-User" = ["?1"]
2024/04/15 14:37:55 	"Accept-Language" = ["en-US,en;q=0.9,zh-CN;q=0.8,zh;q=0.7"]
2024/04/15 14:37:55 	"Sec-Ch-Ua" = ["\"Google Chrome\";v=\"123\", \"Not:A-Brand\";v=\"8\", \"Chromium\";v=\"123\""]
2024/04/15 14:37:55 	"Accept-Encoding" = ["gzip, deflate, br, zstd"]
2024/04/15 14:37:55 	"Pragma" = ["no-cache"]
2024/04/15 14:37:55 	"Accept" = ["text/html,application/xhtml+xml,application/xml;q=0.9,image/avif,image/webp,image/apng,*/*;q=0.8,application/signed-exchange;v=b3;q=0.7"]
2024/04/15 14:37:55 	"Dnt" = ["1"]
2024/04/15 14:37:55 	"Upgrade-Insecure-Requests" = ["1"]
2024/04/15 14:37:55 	"Sec-Fetch-Site" = ["none"]
2024/04/15 14:37:55 	"Connection" = ["keep-alive"]
2024/04/15 14:37:55 	"Cache-Control" = ["no-cache"]
2024/04/15 14:37:55 	"Sec-Fetch-Dest" = ["document"]
2024/04/15 14:37:55 	"Sec-Ch-Ua-Mobile" = ["?0"]
2024/04/15 14:37:55 	"Sec-Fetch-Mode" = ["navigate"]
2024/04/15 14:37:55 Request Body: 
2024/04/15 14:38:10 Request Line: GET /cookie/delete_cookie HTTP/1.1
2024/04/15 14:38:10 Request Headers:
2024/04/15 14:38:10 	"Pragma" = ["no-cache"]
2024/04/15 14:38:10 	"Sec-Ch-Ua" = ["\"Google Chrome\";v=\"123\", \"Not:A-Brand\";v=\"8\", \"Chromium\";v=\"123\""]
2024/04/15 14:38:10 	"Connection" = ["keep-alive"]
2024/04/15 14:38:10 	"Cache-Control" = ["no-cache"]
2024/04/15 14:38:10 	"Sec-Fetch-Dest" = ["document"]
2024/04/15 14:38:10 	"Accept-Encoding" = ["gzip, deflate, br, zstd"]
2024/04/15 14:38:10 	"Accept-Language" = ["en-US,en;q=0.9,zh-CN;q=0.8,zh;q=0.7"]
2024/04/15 14:38:10 	"Sec-Ch-Ua-Platform" = ["\"Windows\""]
2024/04/15 14:38:10 	"Upgrade-Insecure-Requests" = ["1"]
2024/04/15 14:38:10 	"User-Agent" = ["Mozilla/5.0 (Windows NT 10.0; Win64; x64) AppleWebKit/537.36 (KHTML, like Gecko) Chrome/123.0.0.0 Safari/537.36"]
2024/04/15 14:38:10 	"Accept" = ["text/html,application/xhtml+xml,application/xml;q=0.9,image/avif,image/webp,image/apng,*/*;q=0.8,application/signed-exchange;v=b3;q=0.7"]
2024/04/15 14:38:10 	"Sec-Fetch-Mode" = ["navigate"]
2024/04/15 14:38:10 	"Cookie" = ["test_cookie=cookie_value"]
2024/04/15 14:38:10 	"Sec-Ch-Ua-Mobile" = ["?0"]
2024/04/15 14:38:10 	"Dnt" = ["1"]
2024/04/15 14:38:10 	"Sec-Fetch-Site" = ["none"]
2024/04/15 14:38:10 	"Sec-Fetch-User" = ["?1"]
2024/04/15 14:38:10 Request Body: 
2024/04/15 14:38:17 Request Line: GET /cookie/set_cookie HTTP/1.1
2024/04/15 14:38:17 Request Headers:
2024/04/15 14:38:17 	"Cache-Control" = ["no-cache"]
2024/04/15 14:38:17 	"Sec-Ch-Ua-Mobile" = ["?0"]
2024/04/15 14:38:17 	"Upgrade-Insecure-Requests" = ["1"]
2024/04/15 14:38:17 	"Sec-Fetch-User" = ["?1"]
2024/04/15 14:38:17 	"Accept" = ["text/html,application/xhtml+xml,application/xml;q=0.9,image/avif,image/webp,image/apng,*/*;q=0.8,application/signed-exchange;v=b3;q=0.7"]
2024/04/15 14:38:17 	"Sec-Ch-Ua" = ["\"Google Chrome\";v=\"123\", \"Not:A-Brand\";v=\"8\", \"Chromium\";v=\"123\""]
2024/04/15 14:38:17 	"Dnt" = ["1"]
2024/04/15 14:38:17 	"Sec-Fetch-Dest" = ["document"]
2024/04/15 14:38:17 	"Accept-Language" = ["en-US,en;q=0.9,zh-CN;q=0.8,zh;q=0.7"]
2024/04/15 14:38:17 	"Connection" = ["keep-alive"]
2024/04/15 14:38:17 	"Pragma" = ["no-cache"]
2024/04/15 14:38:17 	"Sec-Ch-Ua-Platform" = ["\"Windows\""]
2024/04/15 14:38:17 	"User-Agent" = ["Mozilla/5.0 (Windows NT 10.0; Win64; x64) AppleWebKit/537.36 (KHTML, like Gecko) Chrome/123.0.0.0 Safari/537.36"]
2024/04/15 14:38:17 	"Sec-Fetch-Site" = ["none"]
2024/04/15 14:38:17 	"Sec-Fetch-Mode" = ["navigate"]
2024/04/15 14:38:17 	"Accept-Encoding" = ["gzip, deflate, br, zstd"]
2024/04/15 14:38:17 Request Body: 
2024/04/15 14:38:28 Request Line: GET /cookie/set_cookie HTTP/1.1
2024/04/15 14:38:28 Request Headers:
2024/04/15 14:38:28 	"Accept-Language" = ["en-US,en;q=0.9,zh-CN;q=0.8,zh;q=0.7"]
2024/04/15 14:38:28 	"Cookie" = ["test_cookie=cookie_value"]
2024/04/15 14:38:28 	"User-Agent" = ["Mozilla/5.0 (Windows NT 10.0; Win64; x64) AppleWebKit/537.36 (KHTML, like Gecko) Chrome/123.0.0.0 Safari/537.36"]
2024/04/15 14:38:28 	"Sec-Fetch-Site" = ["none"]
2024/04/15 14:38:28 	"Sec-Fetch-Dest" = ["document"]
2024/04/15 14:38:28 	"Accept" = ["text/html,application/xhtml+xml,application/xml;q=0.9,image/avif,image/webp,image/apng,*/*;q=0.8,application/signed-exchange;v=b3;q=0.7"]
2024/04/15 14:38:28 	"Sec-Fetch-User" = ["?1"]
2024/04/15 14:38:28 	"Accept-Encoding" = ["gzip, deflate, br, zstd"]
2024/04/15 14:38:28 	"Pragma" = ["no-cache"]
2024/04/15 14:38:28 	"Sec-Ch-Ua-Mobile" = ["?0"]
2024/04/15 14:38:28 	"Sec-Ch-Ua-Platform" = ["\"Windows\""]
2024/04/15 14:38:28 	"Dnt" = ["1"]
2024/04/15 14:38:28 	"Sec-Ch-Ua" = ["\"Google Chrome\";v=\"123\", \"Not:A-Brand\";v=\"8\", \"Chromium\";v=\"123\""]
2024/04/15 14:38:28 	"Connection" = ["keep-alive"]
2024/04/15 14:38:28 	"Cache-Control" = ["no-cache"]
2024/04/15 14:38:28 	"Upgrade-Insecure-Requests" = ["1"]
2024/04/15 14:38:28 	"Sec-Fetch-Mode" = ["navigate"]
2024/04/15 14:38:28 Request Body: 
2024/04/15 14:38:44 Request Line: GET /cookie/set_cookie HTTP/1.1
2024/04/15 14:38:44 Request Headers:
2024/04/15 14:38:44 	"Upgrade-Insecure-Requests" = ["1"]
2024/04/15 14:38:44 	"Accept-Language" = ["en-US,en;q=0.9,zh-CN;q=0.8,zh;q=0.7"]
2024/04/15 14:38:44 	"Sec-Ch-Ua-Platform" = ["\"Windows\""]
2024/04/15 14:38:44 	"Sec-Fetch-Site" = ["none"]
2024/04/15 14:38:44 	"Sec-Fetch-Mode" = ["navigate"]
2024/04/15 14:38:44 	"Sec-Fetch-User" = ["?1"]
2024/04/15 14:38:44 	"Sec-Fetch-Dest" = ["document"]
2024/04/15 14:38:44 	"Pragma" = ["no-cache"]
2024/04/15 14:38:44 	"Cache-Control" = ["no-cache"]
2024/04/15 14:38:44 	"Sec-Ch-Ua-Mobile" = ["?0"]
2024/04/15 14:38:44 	"Accept" = ["text/html,application/xhtml+xml,application/xml;q=0.9,image/avif,image/webp,image/apng,*/*;q=0.8,application/signed-exchange;v=b3;q=0.7"]
2024/04/15 14:38:44 	"Accept-Encoding" = ["gzip, deflate, br, zstd"]
2024/04/15 14:38:44 	"Cookie" = ["test_cookie=cookie_value"]
2024/04/15 14:38:44 	"Connection" = ["keep-alive"]
2024/04/15 14:38:44 	"Sec-Ch-Ua" = ["\"Google Chrome\";v=\"123\", \"Not:A-Brand\";v=\"8\", \"Chromium\";v=\"123\""]
2024/04/15 14:38:44 	"Dnt" = ["1"]
2024/04/15 14:38:44 	"User-Agent" = ["Mozilla/5.0 (Windows NT 10.0; Win64; x64) AppleWebKit/537.36 (KHTML, like Gecko) Chrome/123.0.0.0 Safari/537.36"]
2024/04/15 14:38:44 Request Body: 
2024/04/15 14:39:18 Request Line: GET /cookie/set_cookie HTTP/1.1
2024/04/15 14:39:18 Request Headers:
2024/04/15 14:39:18 	"Sec-Fetch-Dest" = ["document"]
2024/04/15 14:39:18 	"Upgrade-Insecure-Requests" = ["1"]
2024/04/15 14:39:18 	"Sec-Fetch-Mode" = ["navigate"]
2024/04/15 14:39:18 	"Accept-Encoding" = ["gzip, deflate, br, zstd"]
2024/04/15 14:39:18 	"Accept-Language" = ["en-US,en;q=0.9,zh-CN;q=0.8,zh;q=0.7"]
2024/04/15 14:39:18 	"Connection" = ["keep-alive"]
2024/04/15 14:39:18 	"Sec-Ch-Ua-Platform" = ["\"Windows\""]
2024/04/15 14:39:18 	"User-Agent" = ["Mozilla/5.0 (Windows NT 10.0; Win64; x64) AppleWebKit/537.36 (KHTML, like Gecko) Chrome/123.0.0.0 Safari/537.36"]
2024/04/15 14:39:18 	"Cookie" = ["test_cookie=cookie_value"]
2024/04/15 14:39:18 	"Cache-Control" = ["no-cache"]
2024/04/15 14:39:18 	"Sec-Ch-Ua" = ["\"Google Chrome\";v=\"123\", \"Not:A-Brand\";v=\"8\", \"Chromium\";v=\"123\""]
2024/04/15 14:39:18 	"Sec-Ch-Ua-Mobile" = ["?0"]
2024/04/15 14:39:18 	"Dnt" = ["1"]
2024/04/15 14:39:18 	"Accept" = ["text/html,application/xhtml+xml,application/xml;q=0.9,image/avif,image/webp,image/apng,*/*;q=0.8,application/signed-exchange;v=b3;q=0.7"]
2024/04/15 14:39:18 	"Sec-Fetch-Site" = ["none"]
2024/04/15 14:39:18 	"Sec-Fetch-User" = ["?1"]
2024/04/15 14:39:18 	"Pragma" = ["no-cache"]
2024/04/15 14:39:18 Request Body: 
2024/04/15 14:39:49 Request Line: GET /cookie/delete_cookie HTTP/1.1
2024/04/15 14:39:49 Request Headers:
2024/04/15 14:39:49 	"Pragma" = ["no-cache"]
2024/04/15 14:39:49 	"Cache-Control" = ["no-cache"]
2024/04/15 14:39:49 	"Sec-Ch-Ua" = ["\"Google Chrome\";v=\"123\", \"Not:A-Brand\";v=\"8\", \"Chromium\";v=\"123\""]
2024/04/15 14:39:49 	"Sec-Ch-Ua-Platform" = ["\"Windows\""]
2024/04/15 14:39:49 	"Dnt" = ["1"]
2024/04/15 14:39:49 	"Accept" = ["text/html,application/xhtml+xml,application/xml;q=0.9,image/avif,image/webp,image/apng,*/*;q=0.8,application/signed-exchange;v=b3;q=0.7"]
2024/04/15 14:39:49 	"Sec-Fetch-Site" = ["none"]
2024/04/15 14:39:49 	"Connection" = ["keep-alive"]
2024/04/15 14:39:49 	"User-Agent" = ["Mozilla/5.0 (Windows NT 10.0; Win64; x64) AppleWebKit/537.36 (KHTML, like Gecko) Chrome/123.0.0.0 Safari/537.36"]
2024/04/15 14:39:49 	"Sec-Fetch-Dest" = ["document"]
2024/04/15 14:39:49 	"Cookie" = ["test_cookie=cookie_value"]
2024/04/15 14:39:49 	"Sec-Ch-Ua-Mobile" = ["?0"]
2024/04/15 14:39:49 	"Sec-Fetch-Mode" = ["navigate"]
2024/04/15 14:39:49 	"Accept-Language" = ["en-US,en;q=0.9,zh-CN;q=0.8,zh;q=0.7"]
2024/04/15 14:39:49 	"Upgrade-Insecure-Requests" = ["1"]
2024/04/15 14:39:49 	"Sec-Fetch-User" = ["?1"]
2024/04/15 14:39:49 	"Accept-Encoding" = ["gzip, deflate, br, zstd"]
2024/04/15 14:39:49 Request Body: 
2024/08/15 03:56:23 Request Line: GET /fs/error_page HTTP/1.1
2024/08/15 03:56:23 Request Headers:
2024/08/15 03:56:23 	"User-Agent" = ["Mozilla/5.0 (Windows NT 10.0; Win64; x64) AppleWebKit/537.36 (KHTML, like Gecko) Chrome/127.0.0.0 Safari/537.36"]
2024/08/15 03:56:23 	"Accept" = ["text/html,application/xhtml+xml,application/xml;q=0.9,image/avif,image/webp,image/apng,*/*;q=0.8,application/signed-exchange;v=b3;q=0.7"]
2024/08/15 03:56:23 	"Accept-Encoding" = ["gzip, deflate"]
2024/08/15 03:56:23 	"Accept-Language" = ["en-US,en;q=0.9"]
2024/08/15 03:56:23 	"Connection" = ["close"]
2024/08/15 03:56:23 	"Dnt" = ["1"]
2024/08/15 03:56:23 	"Upgrade-Insecure-Requests" = ["1"]
2024/08/15 03:56:23 Request Body: 
